<?xml version="1.0" encoding="UTF-8"?>
<!-- Generated by org.testng.reporters.JUnitReportReporter -->
<testsuite skipped="0" hostname="DESKTOP-BQPVJR4" name="testScenario_SelectpatientScenario.SelectPatientScenario" tests="1" failures="0" timestamp="2020-08-03T13:00:19 IST" time="21.343" errors="0">
  <testcase name="MediwareSucessfullPatientSearch" time="21.343" classname="testScenario_SelectpatientScenario.SelectPatientScenario"/>
  <system-out/>
</testsuite> <!-- testScenario_SelectpatientScenario.SelectPatientScenario -->
