<?xml version="1.0" encoding="UTF-8"?>
<!-- Generated by org.testng.reporters.JUnitReportReporter -->
<testsuite skipped="0" hostname="DESKTOP-BQPVJR4" name="basePackage.Base" tests="1" failures="0" timestamp="2020-07-27T23:08:10 IST" time="10.190" errors="0">
  <testcase name="Setup" time="10.190" classname="basePackage.Base"/>
  <system-out/>
</testsuite> <!-- basePackage.Base -->
