<?xml version="1.0" encoding="UTF-8"?>
<!-- Generated by org.testng.reporters.JUnitReportReporter -->
<testsuite skipped="0" hostname="DESKTOP-BQPVJR4" name="testScenario.Login.LoginScenario_01" tests="1" failures="0" timestamp="2020-07-28T14:43:40 IST" time="12.050" errors="0">
  <testcase name="successfullLogin" time="12.050" classname="testScenario.Login.LoginScenario_01"/>
  <system-out/>
</testsuite> <!-- testScenario.Login.LoginScenario_01 -->
