<?xml version="1.0" encoding="UTF-8"?>
<!-- Generated by org.testng.reporters.JUnitReportReporter -->
<testsuite skipped="0" hostname="DESKTOP-BQPVJR4" name="testScenarios.AppoinmentScenario" tests="1" failures="0" timestamp="2020-07-29T12:19:01 IST" time="5.937" errors="0">
  <testcase name="MediwareSucessfullApplicationSelection" time="5.937" classname="testScenarios.AppoinmentScenario"/>
  <system-out/>
</testsuite> <!-- testScenarios.AppoinmentScenario -->
