<?xml version="1.0" encoding="UTF-8"?>
<!-- Generated by org.testng.reporters.JUnitReportReporter -->
<testsuite skipped="0" hostname="DESKTOP-BQPVJR4" name="testScenarios.SelectPatientScenario" tests="1" failures="0" timestamp="2020-07-29T12:19:01 IST" time="1.247" errors="0">
  <testcase name="MediwareSucessfullPatientSearch" time="1.247" classname="testScenarios.SelectPatientScenario"/>
  <system-out/>
</testsuite> <!-- testScenarios.SelectPatientScenario -->
