<?xml version="1.0" encoding="UTF-8"?>
<!-- Generated by org.testng.reporters.JUnitReportReporter -->
<testsuite skipped="0" hostname="DESKTOP-BQPVJR4" name="testScenario_LoginScenario.OpuserLoginScenario" tests="1" failures="0" timestamp="2020-07-30T13:20:51 IST" time="21.804" errors="0">
  <testcase name="MediwaresuccessfullLogin" time="21.804" classname="testScenario_LoginScenario.OpuserLoginScenario"/>
  <system-out/>
</testsuite> <!-- testScenario_LoginScenario.OpuserLoginScenario -->
