<?xml version="1.0" encoding="UTF-8"?>
<!-- Generated by org.testng.reporters.JUnitReportReporter -->
<testsuite skipped="0" hostname="DESKTOP-BQPVJR4" name="testScenario_LoginScenario.OpuserLoginScenario" tests="1" failures="0" timestamp="2020-08-03T13:00:19 IST" time="15.736" errors="0">
  <testcase name="MediwaresuccessfullLogin" time="15.736" classname="testScenario_LoginScenario.OpuserLoginScenario"/>
  <system-out/>
</testsuite> <!-- testScenario_LoginScenario.OpuserLoginScenario -->
