<?xml version="1.0" encoding="UTF-8"?>
<!-- Generated by org.testng.reporters.JUnitReportReporter -->
<testsuite skipped="0" hostname="DESKTOP-BQPVJR4" name="testScenario_SelectpatientScenario.SelectPatientScenario" tests="1" failures="0" timestamp="2020-07-30T13:20:51 IST" time="20.788" errors="0">
  <testcase name="MediwareSucessfullPatientSearch" time="20.788" classname="testScenario_SelectpatientScenario.SelectPatientScenario"/>
  <system-out/>
</testsuite> <!-- testScenario_SelectpatientScenario.SelectPatientScenario -->
