<?xml version="1.0" encoding="UTF-8"?>
<!-- Generated by org.testng.reporters.JUnitReportReporter -->
<testsuite skipped="0" hostname="DESKTOP-BQPVJR4" name="testScenarios.LoginScenario" tests="1" failures="0" timestamp="2020-07-29T12:19:01 IST" time="11.632" errors="0">
  <testcase name="MediwaresuccessfullLogin" time="11.632" classname="testScenarios.LoginScenario"/>
  <system-out/>
</testsuite> <!-- testScenarios.LoginScenario -->
