<?xml version="1.0" encoding="UTF-8"?>
<!-- Generated by org.testng.reporters.JUnitReportReporter -->
<testsuite skipped="0" hostname="DESKTOP-BQPVJR4" name="testScenario_LoginScenario.OpuserLoginScenario" tests="1" failures="0" timestamp="30 Jul 2020 05:46:48 GMT" time="16.278" errors="0">
  <testcase name="MediwaresuccessfullLogin" time="16.278" classname="testScenario_LoginScenario.OpuserLoginScenario"/>
</testsuite> <!-- testScenario_LoginScenario.OpuserLoginScenario -->
