<?xml version="1.0" encoding="UTF-8"?>
<!-- Generated by org.testng.reporters.JUnitReportReporter -->
<testsuite skipped="0" hostname="DESKTOP-BQPVJR4" name="testScenarios.SelectPatientScenario" tests="1" failures="0" timestamp="29 Jul 2020 07:01:37 GMT" time="1.742" errors="0">
  <testcase name="MediwareSucessfullPatientSearch" time="1.742" classname="testScenarios.SelectPatientScenario"/>
</testsuite> <!-- testScenarios.SelectPatientScenario -->
