<?xml version="1.0" encoding="UTF-8"?>
<!-- Generated by org.testng.reporters.JUnitReportReporter -->
<testsuite skipped="0" hostname="DESKTOP-BQPVJR4" name="testScenario_SelectpatientScenario.SelectPatientScenario" tests="1" failures="0" timestamp="30 Jul 2020 05:46:48 GMT" time="20.940" errors="0">
  <testcase name="MediwareSucessfullPatientSearch" time="20.940" classname="testScenario_SelectpatientScenario.SelectPatientScenario"/>
</testsuite> <!-- testScenario_SelectpatientScenario.SelectPatientScenario -->
