<?xml version="1.0" encoding="UTF-8"?>
<!-- Generated by org.testng.reporters.JUnitReportReporter -->
<testsuite skipped="0" hostname="DESKTOP-BQPVJR4" name="testScenarios.LoginScenario" tests="1" failures="0" timestamp="29 Jul 2020 07:01:37 GMT" time="17.163" errors="0">
  <testcase name="MediwaresuccessfullLogin" time="17.163" classname="testScenarios.LoginScenario"/>
</testsuite> <!-- testScenarios.LoginScenario -->
