<?xml version="1.0" encoding="UTF-8"?>
<!-- Generated by org.testng.reporters.JUnitReportReporter -->
<testsuite skipped="0" hostname="DESKTOP-BQPVJR4" name="testScenario_AppoinmentScenario.AppoinmentScenario" tests="1" failures="0" timestamp="30 Jul 2020 05:46:48 GMT" time="20.412" errors="0">
  <testcase name="MediwareSucessfullApplicationSelection" time="20.412" classname="testScenario_AppoinmentScenario.AppoinmentScenario"/>
</testsuite> <!-- testScenario_AppoinmentScenario.AppoinmentScenario -->
